%!Adobe-FontList 1.18
%Locale:0x409

%BeginFont
Handler:DirectoryHandler
FontType:Type1
FontName:Cormorant-Bold
FamilyName:Cormorant
StyleName:Bold
MenuName:Cormorant
StyleBits:2
WeightClass:700
WidthClass:5
AngleClass:0
FullName:Cormorant Bold
WritingScript:Roman
OutlineFileName:\Cormorant-Bold.otf
DataFormat:sfntData
UsesStandardEncoding:yes
isCFF:yes
hasSVG:no
FileLength:246932
FileModTime:1484307747
NameArray:0,Mac,4,Cormorant Bold
NameArray:0,Win,1,Cormorant
%EndFont

%BeginFont
Handler:DirectoryHandler
FontType:Type1
FontName:Cormorant-SemiBold
FamilyName:Cormorant
StyleName:SemiBold
MenuName:Cormorant SemiBold
StyleBits:0
WeightClass:600
WidthClass:5
AngleClass:0
FullName:Cormorant SemiBold
WritingScript:Roman
OutlineFileName:\Cormorant-SemiBold.otf
DataFormat:sfntData
UsesStandardEncoding:yes
isCFF:yes
hasSVG:no
FileLength:248568
FileModTime:1484307747
NameArray:0,Mac,4,Cormorant SemiBold
NameArray:0,Win,1,Cormorant SemiBold
NameArray:0,Win,16,Cormorant
%EndFont

%BeginFont
Handler:DirectoryHandler
FontType:TrueType
FontName:Roboto-Bold
FamilyName:Roboto
StyleName:Bold
MenuName:Roboto
StyleBits:2
WeightClass:700
WidthClass:5
AngleClass:0
FullName:Roboto Bold
WritingScript:Roman
OutlineFileName:\Roboto-Bold.ttf
DataFormat:sfntData
hasSVG:no
FileLength:135820
FileModTime:1484307747
NameArray:0,Mac,18,Roboto Bold
NameArray:0,Mac,4,Roboto Bold
NameArray:0,Win,1,Roboto
%EndFont

%BeginFont
Handler:DirectoryHandler
FontType:TrueType
FontName:Roboto-Italic
FamilyName:Roboto
StyleName:Italic
MenuName:Roboto
StyleBits:1
WeightClass:400
WidthClass:5
AngleClass:0
FullName:Roboto Italic
WritingScript:Roman
OutlineFileName:\Roboto-Italic.ttf
DataFormat:sfntData
hasSVG:no
FileLength:148540
FileModTime:1484307747
NameArray:0,Mac,18,Roboto Italic
NameArray:0,Mac,4,Roboto Italic
NameArray:0,Win,1,Roboto
%EndFont

%BeginFont
Handler:DirectoryHandler
FontType:TrueType
FontName:Roboto-Medium
FamilyName:Roboto
StyleName:Medium
MenuName:Roboto Medium
StyleBits:0
WeightClass:500
WidthClass:5
AngleClass:0
FullName:Roboto Medium
WritingScript:Roman
OutlineFileName:\Roboto-Medium.ttf
DataFormat:sfntData
hasSVG:no
FileLength:137308
FileModTime:1484307747
NameArray:0,Mac,18,Roboto Medium
NameArray:0,Mac,4,Roboto Medium
NameArray:0,Win,1,Roboto Medium
NameArray:0,Win,16,Roboto
%EndFont

%BeginFont
Handler:DirectoryHandler
FontType:TrueType
FontName:Roboto-Regular
FamilyName:Roboto
StyleName:Regular
MenuName:Roboto
StyleBits:0
WeightClass:400
WidthClass:5
AngleClass:0
FullName:Roboto Regular
WritingScript:Roman
OutlineFileName:\Roboto-Regular.ttf
DataFormat:sfntData
hasSVG:no
FileLength:145348
FileModTime:1484307747
NameArray:0,Mac,18,Roboto Regular
NameArray:0,Mac,4,Roboto Regular
NameArray:0,Win,1,Roboto
%EndFont

